# JRE version: OpenJDK Runtime Environment Temurin-17.0.8.1+1 (17.0.8.1+1) (build 17.0.8.1+1)
# Java VM: OpenJDK 64-Bit Server VM Temurin-17.0.8.1+1 (17.0.8.1+1, mixed mode, sharing, tiered, compressed oops, compressed class ptrs, g1 gc, windows-amd64)
GC Precious Log:
 CPUs: 12 total, 12 available
 Memory: 5989M
 Large Page Support: Disabled
 NUMA Support: Disabled
 Compressed Oops: Enabled (Zero based)
 Heap Region Size: 2M
 Heap Min Capacity: 8M
 Heap Initial Capacity: 94M
 Heap Max Capacity: 4G
 Pre-touch: Disabled
 Parallel Workers: 10
 Concurrent Workers: 3
 Concurrent Refinement Workers: 10
 Periodic GC: Disabled
Heap:
 garbage-first heap   total 389120K, used 204393K [0x0000000700000000, 0x0000000800000000)
  region size 2048K, 40 young (81920K), 6 survivors (12288K)
 Metaspace       used 142035K, committed 143168K, reserved 1179648K
  class space    used 19007K, committed 19520K, reserved 1048576K
GC Heap History (20 events):
Event: 27.177 GC heap before
{Heap before GC invocations=50 (full 0):
 garbage-first heap   total 172032K, used 139792K [0x0000000700000000, 0x0000000800000000)
  region size 2048K, 21 young (43008K), 3 survivors (6144K)
 Metaspace       used 107707K, committed 108416K, reserved 1179648K
  class space    used 14398K, committed 14720K, reserved 1048576K
}
Event: 27.182 GC heap after
{Heap after GC invocations=51 (full 0):
 garbage-first heap   total 172032K, used 108010K [0x0000000700000000, 0x0000000800000000)
  region size 2048K, 3 young (6144K), 3 survivors (6144K)
 Metaspace       used 107707K, committed 108416K, reserved 1179648K
  class space    used 14398K, committed 14720K, reserved 1048576K
}
Event: 27.213 GC heap before
{Heap before GC invocations=51 (full 0):
 garbage-first heap   total 172032K, used 110058K [0x0000000700000000, 0x0000000800000000)
  region size 2048K, 4 young (8192K), 3 survivors (6144K)
 Metaspace       used 107908K, committed 108672K, reserved 1179648K
  class space    used 14428K, committed 14784K, reserved 1048576K
}
Event: 27.217 GC heap after
{Heap after GC invocations=52 (full 0):
 garbage-first heap   total 172032K, used 103694K [0x0000000700000000, 0x0000000800000000)
  region size 2048K, 1 young (2048K), 1 survivors (2048K)
 Metaspace       used 107908K, committed 108672K, reserved 1179648K
  class space    used 14428K, committed 14784K, reserved 1048576K
}
Event: 27.925 GC heap before
{Heap before GC invocations=52 (full 0):
 garbage-first heap   total 172032K, used 136462K [0x0000000700000000, 0x0000000800000000)
  region size 2048K, 17 young (34816K), 1 survivors (2048K)
 Metaspace       used 112068K, committed 112832K, reserved 1179648K
  class space    used 14917K, committed 15296K, reserved 1048576K
}
Event: 27.929 GC heap after
{Heap after GC invocations=53 (full 0):
 garbage-first heap   total 172032K, used 105222K [0x0000000700000000, 0x0000000800000000)
  region size 2048K, 1 young (2048K), 1 survivors (2048K)
 Metaspace       used 112068K, committed 112832K, reserved 1179648K
  class space    used 14917K, committed 15296K, reserved 1048576K
}
Event: 28.378 GC heap before
{Heap before GC invocations=54 (full 0):
 garbage-first heap   total 192512K, used 137990K [0x0000000700000000, 0x0000000800000000)
  region size 2048K, 18 young (36864K), 1 survivors (2048K)
 Metaspace       used 113768K, committed 114560K, reserved 1179648K
  class space    used 15147K, committed 15488K, reserved 1048576K
}
Event: 28.381 GC heap after
{Heap after GC invocations=55 (full 0):
 garbage-first heap   total 192512K, used 108228K [0x0000000700000000, 0x0000000800000000)
  region size 2048K, 3 young (6144K), 3 survivors (6144K)
 Metaspace       used 113768K, committed 114560K, reserved 1179648K
  class space    used 15147K, committed 15488K, reserved 1048576K
}
Event: 28.407 GC heap before
{Heap before GC invocations=55 (full 0):
 garbage-first heap   total 192512K, used 110276K [0x0000000700000000, 0x0000000800000000)
  region size 2048K, 4 young (8192K), 3 survivors (6144K)
 Metaspace       used 113910K, committed 114752K, reserved 1179648K
  class space    used 15164K, committed 15552K, reserved 1048576K
}
Event: 28.411 GC heap after
{Heap after GC invocations=56 (full 0):
 garbage-first heap   total 192512K, used 107480K [0x0000000700000000, 0x0000000800000000)
  region size 2048K, 1 young (2048K), 1 survivors (2048K)
 Metaspace       used 113910K, committed 114752K, reserved 1179648K
  class space    used 15164K, committed 15552K, reserved 1048576K
}
Event: 29.170 GC heap before
{Heap before GC invocations=56 (full 0):
 garbage-first heap   total 192512K, used 150488K [0x0000000700000000, 0x0000000800000000)
  region size 2048K, 23 young (47104K), 1 survivors (2048K)
 Metaspace       used 117443K, committed 118208K, reserved 1179648K
  class space    used 15598K, committed 15936K, reserved 1048576K
}
Event: 29.173 GC heap after
{Heap after GC invocations=57 (full 0):
 garbage-first heap   total 192512K, used 109047K [0x0000000700000000, 0x0000000800000000)
  region size 2048K, 2 young (4096K), 2 survivors (4096K)
 Metaspace       used 117443K, committed 118208K, reserved 1179648K
  class space    used 15598K, committed 15936K, reserved 1048576K
}
Event: 29.579 GC heap before
{Heap before GC invocations=58 (full 0):
 garbage-first heap   total 194560K, used 154103K [0x0000000700000000, 0x0000000800000000)
  region size 2048K, 24 young (49152K), 2 survivors (4096K)
 Metaspace       used 118610K, committed 119488K, reserved 1179648K
  class space    used 15777K, committed 16192K, reserved 1048576K
}
Event: 29.585 GC heap after
{Heap after GC invocations=59 (full 0):
 garbage-first heap   total 194560K, used 112428K [0x0000000700000000, 0x0000000800000000)
  region size 2048K, 3 young (6144K), 3 survivors (6144K)
 Metaspace       used 118610K, committed 119488K, reserved 1179648K
  class space    used 15777K, committed 16192K, reserved 1048576K
}
Event: 29.588 GC heap before
{Heap before GC invocations=59 (full 0):
 garbage-first heap   total 194560K, used 114476K [0x0000000700000000, 0x0000000800000000)
  region size 2048K, 4 young (8192K), 3 survivors (6144K)
 Metaspace       used 118610K, committed 119488K, reserved 1179648K
  class space    used 15777K, committed 16192K, reserved 1048576K
}
Event: 29.593 GC heap after
{Heap after GC invocations=60 (full 0):
 garbage-first heap   total 389120K, used 111985K [0x0000000700000000, 0x0000000800000000)
  region size 2048K, 1 young (2048K), 1 survivors (2048K)
 Metaspace       used 118610K, committed 119488K, reserved 1179648K
  class space    used 15777K, committed 16192K, reserved 1048576K
}
Event: 32.397 GC heap before
{Heap before GC invocations=60 (full 0):
 garbage-first heap   total 389120K, used 296305K [0x0000000700000000, 0x0000000800000000)
  region size 2048K, 91 young (186368K), 1 survivors (2048K)
 Metaspace       used 128480K, committed 129472K, reserved 1179648K
  class space    used 17276K, committed 17728K, reserved 1048576K
}
Event: 32.407 GC heap after
{Heap after GC invocations=61 (full 0):
 garbage-first heap   total 389120K, used 124991K [0x0000000700000000, 0x0000000800000000)
  region size 2048K, 7 young (14336K), 7 survivors (14336K)
 Metaspace       used 128480K, committed 129472K, reserved 1179648K
  class space    used 17276K, committed 17728K, reserved 1048576K
}
Event: 82.555 GC heap before
{Heap before GC invocations=61 (full 0):
 garbage-first heap   total 389120K, used 299071K [0x0000000700000000, 0x0000000800000000)
  region size 2048K, 92 young (188416K), 7 survivors (14336K)
 Metaspace       used 140858K, committed 141824K, reserved 1179648K
  class space    used 18860K, committed 19328K, reserved 1048576K
}
Event: 82.643 GC heap after
{Heap after GC invocations=62 (full 0):
 garbage-first heap   total 389120K, used 136809K [0x0000000700000000, 0x0000000800000000)
  region size 2048K, 6 young (12288K), 6 survivors (12288K)
 Metaspace       used 140858K, committed 141824K, reserved 1179648K
  class space    used 18860K, committed 19328K, reserved 1048576K
}

